/Users/robert.field/Documents/Projects/EP/muse/composable-frontend/packages/sdks/specs/heyapi/readme-gen/readmeTemplate.ejs:29
    27| ## Client Usage
    28| 
 >> 29| <%- include('partials/usageClientTemplate') %>
    30| 
    31| ---
    32| 

/Users/robert.field/Documents/Projects/EP/muse/composable-frontend/packages/sdks/specs/heyapi/readme-gen/partials/usageClientTemplate.ejs:1
 >> 1| <%
    2| // Use Array.find to locate the operation with the matching id.
    3| const targetId = operations.find(function(op) {
    4|     return op.id === targetOperation;

Cannot read properties of undefined (reading 'id')
TypeError: /Users/robert.field/Documents/Projects/EP/muse/composable-frontend/packages/sdks/specs/heyapi/readme-gen/readmeTemplate.ejs:29
    27| ## Client Usage
    28| 
 >> 29| <%- include('partials/usageClientTemplate') %>
    30| 
    31| ---
    32| 

/Users/robert.field/Documents/Projects/EP/muse/composable-frontend/packages/sdks/specs/heyapi/readme-gen/partials/usageClientTemplate.ejs:1
 >> 1| <%
    2| // Use Array.find to locate the operation with the matching id.
    3| const targetId = operations.find(function(op) {
    4|     return op.id === targetOperation;

Cannot read properties of undefined (reading 'id')
    at eval ("/Users/robert.field/Documents/Projects/EP/muse/composable-frontend/packages/sdks/specs/heyapi/readme-gen/partials/usageClientTemplate.ejs":14:3)
    at usageClientTemplate (/Users/robert.field/Documents/Projects/EP/muse/composable-frontend/node_modules/.pnpm/ejs@3.1.10/node_modules/ejs/lib/ejs.js:703:17)
    at include (/Users/robert.field/Documents/Projects/EP/muse/composable-frontend/node_modules/.pnpm/ejs@3.1.10/node_modules/ejs/lib/ejs.js:701:39)
    at eval ("/Users/robert.field/Documents/Projects/EP/muse/composable-frontend/packages/sdks/specs/heyapi/readme-gen/readmeTemplate.ejs":23:17)
    at readmeTemplate (/Users/robert.field/Documents/Projects/EP/muse/composable-frontend/node_modules/.pnpm/ejs@3.1.10/node_modules/ejs/lib/ejs.js:703:17)
    at exports.render (/Users/robert.field/Documents/Projects/EP/muse/composable-frontend/node_modules/.pnpm/ejs@3.1.10/node_modules/ejs/lib/ejs.js:425:37)
    at /Users/robert.field/Documents/Projects/EP/muse/composable-frontend/packages/sdks/specs/heyapi/plugins/plugin.ts:44:40
    at async Promise.all (index 0)
    at async Ir.broadcast (/Users/robert.field/Documents/Projects/EP/muse/composable-frontend/node_modules/.pnpm/@hey-api+openapi-ts@0.61.2_typescript@5.5.4/node_modules/@hey-api/openapi-ts/dist/index.cjs:29:533)
    at async ii (/Users/robert.field/Documents/Projects/EP/muse/composable-frontend/node_modules/.pnpm/@hey-api+openapi-ts@0.61.2_typescript@5.5.4/node_modules/@hey-api/openapi-ts/dist/index.cjs:21:6409)
    at async gi (/Users/robert.field/Documents/Projects/EP/muse/composable-frontend/node_modules/.pnpm/@hey-api+openapi-ts@0.61.2_typescript@5.5.4/node_modules/@hey-api/openapi-ts/dist/index.cjs:27:286)
    at async n (/Users/robert.field/Documents/Projects/EP/muse/composable-frontend/node_modules/.pnpm/@hey-api+openapi-ts@0.61.2_typescript@5.5.4/node_modules/@hey-api/openapi-ts/dist/index.cjs:1328:10682)
    at async Promise.all (index 0)
    at async cA (/Users/robert.field/Documents/Projects/EP/muse/composable-frontend/node_modules/.pnpm/@hey-api+openapi-ts@0.61.2_typescript@5.5.4/node_modules/@hey-api/openapi-ts/dist/index.cjs:1328:11119)
    at async start (/Users/robert.field/Documents/Projects/EP/muse/composable-frontend/node_modules/.pnpm/@hey-api+openapi-ts@0.61.2_typescript@5.5.4/node_modules/@hey-api/openapi-ts/bin/index.cjs:113:21)